0 info it worked if it ends with ok
1 verbose cli [ '/usr/local/bin/node', '/usr/local/bin/npm', 'publish' ]
2 info using npm@3.9.5
3 info using node@v6.2.2
4 verbose publish [ '.' ]
5 silly cache add args [ '.', null ]
6 verbose cache add spec .
7 silly cache add parsed spec Result {
7 silly cache add   raw: '.',
7 silly cache add   scope: null,
7 silly cache add   name: null,
7 silly cache add   rawSpec: '.',
7 silly cache add   spec: '/Users/liuhong/workdir/react-raphael',
7 silly cache add   type: 'directory' }
8 verbose addLocalDirectory /Users/liuhong/.npm/react-raphael/0.5.3/package.tgz not in flight; packing
9 verbose correctMkdir /Users/liuhong/.npm correctMkdir not in flight; initializing
10 info lifecycle react-raphael@0.5.3~prepublish: react-raphael@0.5.3
11 silly lifecycle react-raphael@0.5.3~prepublish: no script for prepublish, continuing
12 verbose tar pack [ '/Users/liuhong/.npm/react-raphael/0.5.3/package.tgz',
12 verbose tar pack   '/Users/liuhong/workdir/react-raphael' ]
13 verbose tarball /Users/liuhong/.npm/react-raphael/0.5.3/package.tgz
14 verbose folder /Users/liuhong/workdir/react-raphael
15 verbose addLocalTarball adding from inside cache /Users/liuhong/.npm/react-raphael/0.5.3/package.tgz
16 verbose correctMkdir /Users/liuhong/.npm correctMkdir not in flight; initializing
17 silly cache afterAdd react-raphael@0.5.3
18 verbose afterAdd /Users/liuhong/.npm/react-raphael/0.5.3/package/package.json not in flight; writing
19 verbose correctMkdir /Users/liuhong/.npm correctMkdir not in flight; initializing
20 verbose afterAdd /Users/liuhong/.npm/react-raphael/0.5.3/package/package.json written
21 silly publish { name: 'react-raphael',
21 silly publish   version: '0.5.3',
21 silly publish   description: 'reactify raphael',
21 silly publish   main: './lib',
21 silly publish   scripts:
21 silly publish    { test: 'test',
21 silly publish      clean: 'rm -rf ./lib',
21 silly publish      build: 'npm run clean & NODE_ENV=production babel ./src --out-dir ./lib' },
21 silly publish   devDependencies:
21 silly publish    { babel: '^6.0.0',
21 silly publish      'babel-cli': '^6.0.0',
21 silly publish      'babel-core': '^6.0.0',
21 silly publish      'babel-loader': '^6.2.0',
21 silly publish      'babel-preset-es2015': '^6.3.13',
21 silly publish      'babel-preset-react': '^6.3.13',
21 silly publish      'babel-preset-stage-2': '^6.3.13',
21 silly publish      raphael: '^2.2.6',
21 silly publish      react: '^0.14.8',
21 silly publish      'react-dom': '^0.14.8' },
21 silly publish   repository:
21 silly publish    { type: 'git',
21 silly publish      url: 'git+https://github.com/liuhong1happy/react-raphael.git' },
21 silly publish   keywords: [ 'react', 'raphael', 'react-raphael', 'react-component' ],
21 silly publish   author: { name: 'Holly Liu' },
21 silly publish   license: 'MIT',
21 silly publish   bugs: { url: 'https://github.com/liuhong1happy/react-raphael/issues' },
21 silly publish   homepage: 'https://github.com/liuhong1happy/react-raphael#readme',
21 silly publish   readme: '# react-raphael\n\n[![Version](https://img.shields.io/npm/v/react-raphael.svg)](https://www.npmjs.com/package/react-raphael)\n[![Downloads](https://img.shields.io/npm/dt/react-raphael.svg)](https://www.npmjs.com/package/react-raphael)\n\nreactify raphael\n\n## Install\n\n\tnpm install --save react-raphael\n\n## Example\n\n- [react-raphael-example](https://github.com/liuhong1happy/react-raphael-example)\n- [react-raphael-map](https://github.com/liuhong1happy/react-raphael-map)\n\n## Quickly Start\n\n```js\nvar React = require(\'react\');\nvar ReactDOM = require(\'react-dom\');\n\nconst {Raphael,Paper,Set,Circle,Ellipse,Image,Rect,Text,Path} = require(\'react-raphael\');\n\nclass App extends React.Component{\n    render(){\n        var data = [\n            {x:50,y:50,r:40,attr:{"stroke":"#0b8ac9","stroke-width":5},animate:Raphael.animation({cx:60},500,"<>")},\n            {x:100,y:100,r:40,attr:{"stroke":"#f0c620","stroke-width":5},animate:Raphael.animation({cx:105},500,"<>")},\n            {x:150,y:50,r:40,attr:{"stroke":"#1a1a1a","stroke-width":5}},\n            {x:200,y:100,r:40,attr:{"stroke":"#10a54a","stroke-width":5},animate:Raphael.animation({cx:195},500,"<>")},\n            {x:250,y:50,r:40,attr:{"stroke":"#e11032","stroke-width":5},animate:Raphael.animation({cx:240},500,"<>")}\n        ]\n        return (<Paper width={300} height={300}>\n                       <Set>    \n                        {\n                            data.map(function(ele,pos){\n                                return (<Circle key={pos} x={ele.x} y={ele.y} r={ele.r} attr={ele.attr} animate={ele.animate}/>)\n                            })\n                        }\n                        </Set>\n\t\t\t\t\t\t<Set>\n                            <Rect x={30} y={148} width={240} height={150} attr={{"fill":"#10a54a","stroke":"#f0c620","stroke-width":5}}/>\n\t\t\t\t\t\t\t<Ellipse x={150} y={200} ry={40} rx={100} attr={{"fill":"#fff","stroke":"#e11032"}} glow={{width:100,fill:true,color:"#e11032",opacity:1}}/>\n                            <Image src="/static/images/5circle.png" x={100} y={170} width={90} height={60} />\n\t\t\t\t\t\t\t<Text x={150} y={250} text="同一个世界 同一个梦想" attr={{"fill":"#fff"}}/>\n\t\t\t\t\t\t\t<Text x={150} y={270} text="One World One Dream" attr={{"fill":"#fff"}}/>\n\t\t\t\t\t\t\t<Path d={["M80 290L220 290"]} attr={{"stroke":"#fff"}}/>\n\t\t\t\t\t\t</Set>\n                </Paper>)\n    }\n}\n```\n\n## Snapshot\n\n![snapshot.png](snapshot.png)\n\n## API\n\n#### All Element Props\n\n- Paper \n    - width `number` width of the canvas\n    - height  `number` height of the canvas\n- Element\n\t- attr `object` Sets the attributes of the element.\n\t- animate `object` Creates and starts animation for given element.\n\t- animateWith `object` Acts similar to Element.animate, but ensure that given animation runs in sync with another given element.\n\t- click `function` Adds event handler for click for the element.\n\t- dblclick `function` Adds event handler for double click for the element.\n\t- drag `function` Adds event handlers for drag of the element.\n\t- glow `function` Return set of elements that create glow-like effect around given element.\n\t- hover `function` Adds event handlers for hover for the element.\n\t- hide `boolean` Makes element invisible. \n\t- mousedown `function` Adds event handler for mousedown for the element.\n\t- mousemove `function` Adds event handler for mousemove for the element.\n\t- mouseout `function` Adds event handler for mouseout for the element.\n\t- mouseover `function` Adds event handler for mouseover for the element.\n\t- mouseup `function` Adds event handler for mouseup for the element.\n    - load `function` Adds event handler for load for the element.\n\t- rotate `object` Adds rotation by given angle around given point to the list of transformations of the element.\n\t- scale `object` Adds scale by given amount relative to given point to the list of transformations of the element.\n\t- toBack `boolean` Moves the element so it is the furthest from the viewer’s eyes, behind other elements.\n\t- toFront `boolean` Moves the element so it is the closest to the viewer’s eyes, on top of other elements.\n\t- touchcancel `function` Adds event handler for touchcancel for the element.\n\t- touchend `function` Adds event handler for touchend for the element.\n\t- touchmove `function` Adds event handler for touchmove for the element.\n\t- touchstart `function` Adds event handler for touchstart for the element.\n\t- transform `string` or `array` Adds transformation to the element which is separate to other attributes, i.e. translation doesn’t change x or y of the rectange. The format of transformation string is similar to the path string syntax:`"t100,100r30,100,100s2,2,100,100r45s1.5"`\n\t- translate `object` Adds translation by given amount to the list of transformations of the element.\n- Set `Extends Element & Container Elements`\n- Circle  `Extends Element & Draws a circle`\n    - x `number` x coordinate of the centre\n    - y `number` y coordinate of the centre\n    - r `number` radius\n- Ellipse `Extends Element & Draws a ellipse`\n    - x `number` x coordinate of the centre\n    - y `number` y coordinate of the centre\n    - rx `number` horizontal radius\n\t- ry `number` vertical radius\n- Image `Extends Element & Embeds an image into the surface`\n\t- src `string` URI of the source image\n    - x `number` x coordinate of the centre\n    - y `number` y coordinate of the centre\n    - width `number` width of the image\n\t- height `number` height of the image\n- Path `Extends Element & Creates a path element by given path data string`\n    - d `string` path string in SVG format\n- Print `Extends Element & Creates set of shapes to represent given font at given position with given size`\n    - x `number` x position of the text\n    - y `number` y position of the text\n    - text `string` text to print\n    - font-family `string` family of font object\n    - font-weight `string` weight of font object\n    - font-style `string` style of font object\n    - font-stretch `string` stretch of font object\n    - font-size `number` size of the font, default is 16\n    - origin `string` could be "baseline" or "middle", default is "middle"\n    - letter-spacing `number` number in range -1..1, default is 0\n- Rect `Extends Element & Draws a circle`\n    - x `number` x coordinate of the top left corner\n    - y `number` y coordinate of the top left corner\n    - width `number` width of the rect\n\t- height `number` height of the rect\n    - r `number` radius for rounded corners, default is 0\n- Text `Extends Element & Draws a text string & If you need line breaks, put “\\n” in the string`\n    - x `number` x coordinate position\n    - y `number` y coordinate position\n    - text `string` The text string to draw\n\t\n#### All Element Ref Function\n\n- Paper\n\t- getPaper `function` paper of the component\n- Set\n\t- getSet `function` set of the component\n- Element\n\t- getElement `function` element of the component\n\n#### Raphael & Utils\n\n- Raphael `you can see ` [http://dmitrybaranovskiy.github.io/raphael/reference.html#Raphael](http://dmitrybaranovskiy.github.io/raphael/reference.html#Raphael)\n- Utils\n\t- createPaper `function` create a paper by `Raphael()`\n    - updatePaper `function` update a paper\n    - removePaper `function` remove a paper\n\t- create `function` create elements or a set by `paper.xxx`\n\t- createElement `function` call create to create a element\n\t- createSet `function` call create to create a set\n    - updateElement `function` update elements or a set \n\t- removeSet `function` remove a set from paper \n\t- removeElement `function` remove a element from paper \n\t- papers `array` all paper instance\n\t- elements `array` all elements or set of the only paper instance\n    - findParentById `function` find parent of element by id\n\t\n# Contact\n\nEmail: [liuhong1.happy@163.com](mailto:liuhong1.happy@163.com)',
21 silly publish   readmeFilename: 'README.md',
21 silly publish   gitHead: '73937a0782a82256b8060dff5d28696d289a2d47',
21 silly publish   _id: 'react-raphael@0.5.3',
21 silly publish   _shasum: '829335273b485aa4b5616aff5e98afe8fd58ae28',
21 silly publish   _from: '.' }
22 verbose getPublishConfig undefined
23 silly mapToRegistry name react-raphael
24 silly mapToRegistry using default registry
25 silly mapToRegistry registry https://registry.npmjs.org/
26 silly mapToRegistry data Result {
26 silly mapToRegistry   raw: 'react-raphael',
26 silly mapToRegistry   scope: null,
26 silly mapToRegistry   name: 'react-raphael',
26 silly mapToRegistry   rawSpec: '',
26 silly mapToRegistry   spec: 'latest',
26 silly mapToRegistry   type: 'tag' }
27 silly mapToRegistry uri https://registry.npmjs.org/react-raphael
28 verbose publish registryBase https://registry.npmjs.org/
29 silly publish uploading /Users/liuhong/.npm/react-raphael/0.5.3/package.tgz
30 verbose request uri https://registry.npmjs.org/react-raphael
31 verbose request sending authorization for write operation
32 info attempt registry request try #1 at 10:55:16
33 verbose request using bearer token for auth
34 verbose request id 5f7ba2c749cba6b3
35 http request PUT https://registry.npmjs.org/react-raphael
36 http 403 https://registry.npmjs.org/react-raphael
37 verbose headers { 'content-type': 'application/json',
37 verbose headers   'cache-control': 'max-age=300',
37 verbose headers   'content-length': '95',
37 verbose headers   'accept-ranges': 'bytes',
37 verbose headers   date: 'Fri, 18 Nov 2016 02:55:19 GMT',
37 verbose headers   via: '1.1 varnish',
37 verbose headers   connection: 'keep-alive',
37 verbose headers   'x-served-by': 'cache-nrt6131-NRT',
37 verbose headers   'x-cache': 'MISS',
37 verbose headers   'x-cache-hits': '0',
37 verbose headers   'x-timer': 'S1479437718.527629,VS0,VE804',
37 verbose headers   vary: 'Accept-Encoding' }
38 verbose request invalidating /Users/liuhong/.npm/registry.npmjs.org/react-raphael on PUT
39 error publish Failed PUT 403
40 verbose stack Error: "You cannot publish over the previously published version 0.5.3." : react-raphael
40 verbose stack     at makeError (/usr/local/lib/node_modules/npm/node_modules/npm-registry-client/lib/request.js:264:12)
40 verbose stack     at CachingRegistryClient.<anonymous> (/usr/local/lib/node_modules/npm/node_modules/npm-registry-client/lib/request.js:252:14)
40 verbose stack     at Request._callback (/usr/local/lib/node_modules/npm/node_modules/npm-registry-client/lib/request.js:172:14)
40 verbose stack     at Request.self.callback (/usr/local/lib/node_modules/npm/node_modules/request/request.js:200:22)
40 verbose stack     at emitTwo (events.js:106:13)
40 verbose stack     at Request.emit (events.js:191:7)
40 verbose stack     at Request.<anonymous> (/usr/local/lib/node_modules/npm/node_modules/request/request.js:1067:10)
40 verbose stack     at emitOne (events.js:101:20)
40 verbose stack     at Request.emit (events.js:188:7)
40 verbose stack     at IncomingMessage.<anonymous> (/usr/local/lib/node_modules/npm/node_modules/request/request.js:988:12)
41 verbose statusCode 403
42 verbose pkgid react-raphael
43 verbose cwd /Users/liuhong/workdir/react-raphael
44 error Darwin 15.3.0
45 error argv "/usr/local/bin/node" "/usr/local/bin/npm" "publish"
46 error node v6.2.2
47 error npm  v3.9.5
48 error code E403
49 error "You cannot publish over the previously published version 0.5.3." : react-raphael
50 error If you need help, you may report this error at:
50 error     <https://github.com/npm/npm/issues>
51 verbose exit [ 1, true ]
